<?xml version="1.0" encoding="UTF-8"?>
<!-- Generated by org.testng.reporters.JUnitReportReporter -->
<testsuite hostname="MMH10065" name="com.mmhayes.test_cases.TC003_Online_Ordering_Page_Test" tests="1" failures="0"
           timestamp="22 Apr 2022 14:31:10 GMT" time="5.414" errors="0">
    <testcase name="online_Ordering_Page_Test" time="5.414"
              classname="com.mmhayes.test_cases.TC003_Online_Ordering_Page_Test"/>
</testsuite> <!-- com.mmhayes.test_cases.TC003_Online_Ordering_Page_Test -->
