<?xml version="1.0" encoding="UTF-8"?>
<!-- Generated by org.testng.reporters.JUnitReportReporter -->
<testsuite hostname="MMH10065" name="com.mmhayes.test_cases.TC001_MYQC_Pre_Login_Test" tests="1" failures="0"
           timestamp="22 Apr 2022 14:31:10 GMT" time="11.986" errors="0">
    <testcase name="pre_Login_Test" time="11.986" classname="com.mmhayes.test_cases.TC001_MYQC_Pre_Login_Test"/>
</testsuite> <!-- com.mmhayes.test_cases.TC001_MYQC_Pre_Login_Test -->
