<?xml version="1.0" encoding="UTF-8"?>
<!-- Generated by org.testng.reporters.JUnitReportReporter -->
<testsuite hostname="MMH10065" name="com.mmhayes.test_cases.TC005_PointDonation_Test" tests="1" failures="0"
           timestamp="22 Apr 2022 14:31:10 GMT" time="1.605" errors="0">
    <testcase name="pointDonationTest" time="1.605" classname="com.mmhayes.test_cases.TC005_PointDonation_Test"/>
</testsuite> <!-- com.mmhayes.test_cases.TC005_PointDonation_Test -->
