<?xml version="1.0" encoding="UTF-8"?>
<!-- Generated by org.testng.reporters.JUnitReportReporter -->
<testsuite hostname="MMH10065" name="com.mmhayes.test_cases.TC002_Login_Prepaid_Test" tests="1" failures="0"
           timestamp="22 Apr 2022 14:31:10 GMT" time="3.429" errors="0">
    <testcase name="login_Test" time="3.429" classname="com.mmhayes.test_cases.TC002_Login_Prepaid_Test"/>
</testsuite> <!-- com.mmhayes.test_cases.TC002_Login_Prepaid_Test -->
