<?xml version="1.0" encoding="UTF-8"?>
<!-- Generated by org.testng.reporters.JUnitReportReporter -->
<testsuite hostname="MMH10065" name="com.mmhayes.test_cases.TC004_Cafeteria_Page_Test" tests="1" failures="0"
           timestamp="15 Apr 2022 17:36:36 GMT" time="33.919" errors="0">
    <testcase name="cafeteria_Page_Test" time="33.919" classname="com.mmhayes.test_cases.TC004_Cafeteria_Page_Test"/>
</testsuite> <!-- com.mmhayes.test_cases.TC004_Cafeteria_Page_Test -->
